2024-04-21 08:57:14.317 [INFO] Starting ChatRoomApplication using Java 21 with PID 17924 (D:\Downloads\Sigurnost na internetu\Sigurnost-na-internetu\ChatRoom\target\classes started by Pero in D:\Downloads\Sigurnost na internetu\Sigurnost-na-internetu\ChatRoom)
2024-04-21 08:57:14.323 [DEBUG] Running with Spring Boot v3.2.1, Spring v6.1.2
2024-04-21 08:57:14.324 [INFO] No active profile set, falling back to 1 default profile: "default"
2024-04-21 08:57:17.266 [DEBUG] Filter 'jwtAuthenticationFilter' configured for use
2024-04-21 08:57:18.365 [INFO] Started ChatRoomApplication in 4.268 seconds (process running for 4.832)
2024-04-21 08:57:21.907 [INFO] Method invoked username <anonymousUser>: classname <class org.unibl.etfbl.ChatRoom.controllers.AuthenticationController> method <login()>
2024-04-21 08:57:21.981 [INFO] Method invoked username <anonymousUser>: classname <class jdk.proxy2.$Proxy132> method <getUserEntityByUsername()>
2024-04-21 08:57:22.146 [INFO] Method invoked username <anonymousUser>: classname <class jdk.proxy2.$Proxy132> method <getUserEntityByUsername()>
2024-04-21 08:57:22.150 [INFO] Method invoked username <anonymousUser>: classname <class jdk.proxy2.$Proxy132> method <saveAndFlush()>
2024-04-21 08:57:22.169 [INFO] Method invoked username <anonymousUser>: classname <class org.unibl.etfbl.ChatRoom.services.implementations.EmailServiceImpl> method <sendEmail()>
2024-04-21 08:57:39.707 [INFO] Method invoked username <anonymousUser>: classname <class org.unibl.etfbl.ChatRoom.controllers.AuthenticationController> method <verifyTwoFactorToken()>
2024-04-21 08:57:39.708 [INFO] Method invoked username <anonymousUser>: classname <class jdk.proxy2.$Proxy132> method <getUserEntityByUsername()>
2024-04-21 08:57:39.776 [INFO] Method invoked username <anonymousUser>: classname <class jdk.proxy2.$Proxy132> method <getUserEntityByUsername()>
2024-04-21 08:57:39.800 [INFO] Method invoked username <anonymousUser>: classname <class jdk.proxy2.$Proxy132> method <saveAndFlush()>
2024-04-21 08:57:39.840 [INFO] Method invoked username <anonymousUser>: classname <class jdk.proxy2.$Proxy132> method <getUserEntityByUsername()>
2024-04-21 08:57:39.867 [INFO] Method invoked username <aaaa>: classname <class org.unibl.etfbl.ChatRoom.controllers.ForumRoomController> method <getAll()>
2024-04-21 08:57:39.867 [INFO] Method invoked username <aaaa>: classname <class org.unibl.etfbl.ChatRoom.services.implementations.ForumRoomServiceImpl> method <getAllForumRooms()>
2024-04-21 08:57:39.868 [INFO] Method invoked username <aaaa>: classname <class jdk.proxy2.$Proxy143> method <findAll()>
2024-04-21 08:57:57.356 [INFO] Method invoked username <anonymousUser>: classname <class jdk.proxy2.$Proxy132> method <getUserEntityByUsername()>
2024-04-21 08:57:57.368 [INFO] Method invoked username <aaaa>: classname <class org.unibl.etfbl.ChatRoom.controllers.CommentController> method <getAllRequests()>
2024-04-21 08:57:57.369 [INFO] Method invoked username <aaaa>: classname <class org.unibl.etfbl.ChatRoom.services.implementations.CommentServiceImpl> method <getRequestedComments()>
2024-04-21 08:57:57.369 [INFO] Method invoked username <aaaa>: classname <class jdk.proxy2.$Proxy140> method <findAllByForumRoom_IdForumRoomAndIsAllowed()>
2024-04-21 08:58:06.695 [INFO] Method invoked username <anonymousUser>: classname <class jdk.proxy2.$Proxy132> method <getUserEntityByUsername()>
2024-04-21 08:58:06.711 [INFO] Method invoked username <aaaa>: classname <class org.unibl.etfbl.ChatRoom.controllers.CommentController> method <update()>
2024-04-21 08:58:06.711 [INFO] Method invoked username <aaaa>: classname <class org.unibl.etfbl.ChatRoom.services.implementations.CommentServiceImpl> method <updateComment()>
2024-04-21 08:58:06.711 [INFO] Method invoked username <aaaa>: classname <class jdk.proxy2.$Proxy140> method <findById()>
2024-04-21 08:58:06.719 [INFO] Method invoked username <aaaa>: classname <class org.unibl.etfbl.ChatRoom.services.implementations.UserServiceImpl> method <findByUsername()>
2024-04-21 08:58:06.719 [INFO] Method invoked username <aaaa>: classname <class jdk.proxy2.$Proxy132> method <getUserEntityByUsername()>
2024-04-21 08:58:06.719 [INFO] Method invoked username <aaaa>: classname <class org.unibl.etfbl.ChatRoom.services.implementations.ForumRoomServiceImpl> method <getForumRoom()>
2024-04-21 08:58:06.719 [INFO] Method invoked username <aaaa>: classname <class jdk.proxy2.$Proxy143> method <findById()>
2024-04-21 08:58:06.726 [INFO] Method invoked username <aaaa>: classname <class jdk.proxy2.$Proxy140> method <saveAndFlush()>
2024-04-21 08:58:06.746 [INFO] Method invoked username <anonymousUser>: classname <class jdk.proxy2.$Proxy132> method <getUserEntityByUsername()>
2024-04-21 08:58:06.757 [INFO] Method invoked username <aaaa>: classname <class org.unibl.etfbl.ChatRoom.controllers.CommentController> method <getAllRequests()>
2024-04-21 08:58:06.757 [INFO] Method invoked username <aaaa>: classname <class org.unibl.etfbl.ChatRoom.services.implementations.CommentServiceImpl> method <getRequestedComments()>
2024-04-21 08:58:06.757 [INFO] Method invoked username <aaaa>: classname <class jdk.proxy2.$Proxy140> method <findAllByForumRoom_IdForumRoomAndIsAllowed()>
2024-04-21 08:58:53.362 [INFO] Method invoked username <anonymousUser>: classname <class jdk.proxy2.$Proxy132> method <getUserEntityByUsername()>
2024-04-21 08:58:53.367 [INFO] Method invoked username <aaaa>: classname <class org.unibl.etfbl.ChatRoom.controllers.ForumRoomController> method <getAll()>
2024-04-21 08:58:53.367 [INFO] Method invoked username <aaaa>: classname <class org.unibl.etfbl.ChatRoom.services.implementations.ForumRoomServiceImpl> method <getAllForumRooms()>
2024-04-21 08:58:53.367 [INFO] Method invoked username <aaaa>: classname <class jdk.proxy2.$Proxy143> method <findAll()>
2024-04-21 08:58:54.534 [INFO] Method invoked username <anonymousUser>: classname <class jdk.proxy2.$Proxy132> method <getUserEntityByUsername()>
2024-04-21 08:58:54.542 [INFO] Method invoked username <aaaa>: classname <class org.unibl.etfbl.ChatRoom.controllers.CommentController> method <getAll()>
2024-04-21 08:58:54.543 [INFO] Method invoked username <aaaa>: classname <class org.unibl.etfbl.ChatRoom.services.implementations.CommentServiceImpl> method <getCommentsInForumRoom()>
2024-04-21 08:58:54.543 [INFO] Method invoked username <aaaa>: classname <class jdk.proxy2.$Proxy140> method <findFirst20ByForumRoom_IdForumRoomAndIsAllowedOrderByCreatedAtDesc()>
2024-04-21 08:59:03.339 [INFO] Method invoked username <anonymousUser>: classname <class jdk.proxy2.$Proxy132> method <getUserEntityByUsername()>
2024-04-21 08:59:03.348 [INFO] Method invoked username <aaaa>: classname <class org.unibl.etfbl.ChatRoom.controllers.CommentController> method <create()>
2024-04-21 08:59:03.348 [INFO] Method invoked username <aaaa>: classname <class org.unibl.etfbl.ChatRoom.services.implementations.CommentServiceImpl> method <createComment()>
2024-04-21 08:59:03.348 [INFO] Method invoked username <aaaa>: classname <class org.unibl.etfbl.ChatRoom.services.implementations.UserServiceImpl> method <findByUsername()>
2024-04-21 08:59:03.349 [INFO] Method invoked username <aaaa>: classname <class jdk.proxy2.$Proxy132> method <getUserEntityByUsername()>
2024-04-21 08:59:03.352 [INFO] Method invoked username <aaaa>: classname <class org.unibl.etfbl.ChatRoom.services.implementations.ForumRoomServiceImpl> method <getForumRoom()>
2024-04-21 08:59:03.352 [INFO] Method invoked username <aaaa>: classname <class jdk.proxy2.$Proxy143> method <findById()>
2024-04-21 08:59:03.353 [INFO] Method invoked username <aaaa>: classname <class jdk.proxy2.$Proxy140> method <saveAndFlush()>
2024-04-21 08:59:04.674 [INFO] Method invoked username <anonymousUser>: classname <class jdk.proxy2.$Proxy132> method <getUserEntityByUsername()>
2024-04-21 08:59:04.682 [INFO] Method invoked username <aaaa>: classname <class org.unibl.etfbl.ChatRoom.controllers.ForumRoomController> method <getAll()>
2024-04-21 08:59:04.682 [INFO] Method invoked username <aaaa>: classname <class org.unibl.etfbl.ChatRoom.services.implementations.ForumRoomServiceImpl> method <getAllForumRooms()>
2024-04-21 08:59:04.682 [INFO] Method invoked username <aaaa>: classname <class jdk.proxy2.$Proxy143> method <findAll()>
2024-04-21 08:59:05.790 [INFO] Method invoked username <anonymousUser>: classname <class jdk.proxy2.$Proxy132> method <getUserEntityByUsername()>
2024-04-21 08:59:05.798 [INFO] Method invoked username <aaaa>: classname <class org.unibl.etfbl.ChatRoom.controllers.CommentController> method <getAllRequests()>
2024-04-21 08:59:05.799 [INFO] Method invoked username <aaaa>: classname <class org.unibl.etfbl.ChatRoom.services.implementations.CommentServiceImpl> method <getRequestedComments()>
2024-04-21 08:59:05.799 [INFO] Method invoked username <aaaa>: classname <class jdk.proxy2.$Proxy140> method <findAllByForumRoom_IdForumRoomAndIsAllowed()>
2024-04-21 08:59:14.381 [INFO] Method invoked username <anonymousUser>: classname <class jdk.proxy2.$Proxy132> method <getUserEntityByUsername()>
2024-04-21 08:59:14.391 [INFO] Method invoked username <aaaa>: classname <class org.unibl.etfbl.ChatRoom.controllers.CommentController> method <update()>
2024-04-21 08:59:14.391 [INFO] Method invoked username <aaaa>: classname <class org.unibl.etfbl.ChatRoom.services.implementations.CommentServiceImpl> method <updateComment()>
2024-04-21 08:59:14.391 [INFO] Method invoked username <aaaa>: classname <class jdk.proxy2.$Proxy140> method <findById()>
2024-04-21 08:59:14.393 [INFO] Method invoked username <aaaa>: classname <class org.unibl.etfbl.ChatRoom.services.implementations.UserServiceImpl> method <findByUsername()>
2024-04-21 08:59:14.393 [INFO] Method invoked username <aaaa>: classname <class jdk.proxy2.$Proxy132> method <getUserEntityByUsername()>
2024-04-21 08:59:14.397 [INFO] Method invoked username <aaaa>: classname <class org.unibl.etfbl.ChatRoom.services.implementations.ForumRoomServiceImpl> method <getForumRoom()>
2024-04-21 08:59:14.397 [INFO] Method invoked username <aaaa>: classname <class jdk.proxy2.$Proxy143> method <findById()>
2024-04-21 08:59:14.399 [INFO] Method invoked username <aaaa>: classname <class jdk.proxy2.$Proxy140> method <saveAndFlush()>
2024-04-21 08:59:14.413 [INFO] Method invoked username <anonymousUser>: classname <class jdk.proxy2.$Proxy132> method <getUserEntityByUsername()>
2024-04-21 08:59:14.420 [INFO] Method invoked username <aaaa>: classname <class org.unibl.etfbl.ChatRoom.controllers.CommentController> method <getAllRequests()>
2024-04-21 08:59:14.421 [INFO] Method invoked username <aaaa>: classname <class org.unibl.etfbl.ChatRoom.services.implementations.CommentServiceImpl> method <getRequestedComments()>
2024-04-21 08:59:14.421 [INFO] Method invoked username <aaaa>: classname <class jdk.proxy2.$Proxy140> method <findAllByForumRoom_IdForumRoomAndIsAllowed()>
2024-04-21 08:59:15.636 [INFO] Method invoked username <anonymousUser>: classname <class jdk.proxy2.$Proxy132> method <getUserEntityByUsername()>
2024-04-21 08:59:15.642 [INFO] Method invoked username <aaaa>: classname <class org.unibl.etfbl.ChatRoom.controllers.ForumRoomController> method <getAll()>
2024-04-21 08:59:15.643 [INFO] Method invoked username <aaaa>: classname <class org.unibl.etfbl.ChatRoom.services.implementations.ForumRoomServiceImpl> method <getAllForumRooms()>
2024-04-21 08:59:15.643 [INFO] Method invoked username <aaaa>: classname <class jdk.proxy2.$Proxy143> method <findAll()>
2024-04-21 08:59:20.673 [INFO] Method invoked username <anonymousUser>: classname <class org.unibl.etfbl.ChatRoom.controllers.AuthenticationController> method <login()>
2024-04-21 08:59:20.674 [INFO] Method invoked username <anonymousUser>: classname <class jdk.proxy2.$Proxy132> method <getUserEntityByUsername()>
2024-04-21 08:59:20.742 [INFO] Method invoked username <anonymousUser>: classname <class jdk.proxy2.$Proxy132> method <getUserEntityByUsername()>
2024-04-21 08:59:20.744 [INFO] Method invoked username <anonymousUser>: classname <class jdk.proxy2.$Proxy132> method <saveAndFlush()>
2024-04-21 08:59:20.750 [INFO] Method invoked username <anonymousUser>: classname <class org.unibl.etfbl.ChatRoom.services.implementations.EmailServiceImpl> method <sendEmail()>
2024-04-21 08:59:31.050 [INFO] Method invoked username <anonymousUser>: classname <class org.unibl.etfbl.ChatRoom.controllers.AuthenticationController> method <verifyTwoFactorToken()>
2024-04-21 08:59:31.051 [INFO] Method invoked username <anonymousUser>: classname <class jdk.proxy2.$Proxy132> method <getUserEntityByUsername()>
2024-04-21 08:59:31.119 [INFO] Method invoked username <anonymousUser>: classname <class jdk.proxy2.$Proxy132> method <getUserEntityByUsername()>
2024-04-21 08:59:31.122 [INFO] Method invoked username <anonymousUser>: classname <class jdk.proxy2.$Proxy132> method <saveAndFlush()>
2024-04-21 08:59:31.143 [INFO] Method invoked username <anonymousUser>: classname <class jdk.proxy2.$Proxy132> method <getUserEntityByUsername()>
2024-04-21 08:59:31.151 [INFO] Method invoked username <admin>: classname <class org.unibl.etfbl.ChatRoom.controllers.ForumRoomController> method <getAll()>
2024-04-21 08:59:31.151 [INFO] Method invoked username <admin>: classname <class org.unibl.etfbl.ChatRoom.services.implementations.ForumRoomServiceImpl> method <getAllForumRooms()>
2024-04-21 08:59:31.151 [INFO] Method invoked username <admin>: classname <class jdk.proxy2.$Proxy143> method <findAll()>
2024-04-21 08:59:32.817 [INFO] Method invoked username <anonymousUser>: classname <class jdk.proxy2.$Proxy132> method <getUserEntityByUsername()>
2024-04-21 08:59:32.825 [INFO] Method invoked username <admin>: classname <class org.unibl.etfbl.ChatRoom.controllers.UserController> method <getAll()>
2024-04-21 08:59:32.826 [INFO] Method invoked username <admin>: classname <class org.unibl.etfbl.ChatRoom.services.implementations.UserServiceImpl> method <getAllUsersByIsApproved()>
2024-04-21 08:59:32.826 [INFO] Method invoked username <admin>: classname <class jdk.proxy2.$Proxy132> method <getAllByIsApproved()>
2024-04-21 08:59:41.538 [INFO] Method invoked username <anonymousUser>: classname <class org.unibl.etfbl.ChatRoom.controllers.AuthenticationController> method <login()>
2024-04-21 08:59:41.539 [INFO] Method invoked username <anonymousUser>: classname <class jdk.proxy2.$Proxy132> method <getUserEntityByUsername()>
2024-04-21 08:59:41.609 [INFO] Method invoked username <anonymousUser>: classname <class jdk.proxy2.$Proxy132> method <getUserEntityByUsername()>
2024-04-21 08:59:41.611 [INFO] Method invoked username <anonymousUser>: classname <class jdk.proxy2.$Proxy132> method <saveAndFlush()>
2024-04-21 08:59:41.612 [INFO] Method invoked username <anonymousUser>: classname <class org.unibl.etfbl.ChatRoom.services.implementations.EmailServiceImpl> method <sendEmail()>
2024-04-21 08:59:51.570 [INFO] Method invoked username <anonymousUser>: classname <class org.unibl.etfbl.ChatRoom.controllers.AuthenticationController> method <verifyTwoFactorToken()>
2024-04-21 08:59:51.571 [INFO] Method invoked username <anonymousUser>: classname <class jdk.proxy2.$Proxy132> method <getUserEntityByUsername()>
2024-04-21 08:59:51.644 [INFO] Method invoked username <anonymousUser>: classname <class jdk.proxy2.$Proxy132> method <getUserEntityByUsername()>
2024-04-21 08:59:51.644 [INFO] Method invoked username <anonymousUser>: classname <class jdk.proxy2.$Proxy132> method <saveAndFlush()>
2024-04-21 08:59:51.667 [INFO] Method invoked username <anonymousUser>: classname <class jdk.proxy2.$Proxy132> method <getUserEntityByUsername()>
2024-04-21 08:59:51.677 [INFO] Method invoked username <abc>: classname <class org.unibl.etfbl.ChatRoom.controllers.ForumRoomController> method <getAll()>
2024-04-21 08:59:51.677 [INFO] Method invoked username <abc>: classname <class org.unibl.etfbl.ChatRoom.services.implementations.ForumRoomServiceImpl> method <getAllForumRooms()>
2024-04-21 08:59:51.677 [INFO] Method invoked username <abc>: classname <class jdk.proxy2.$Proxy143> method <findAll()>
2024-04-21 08:59:52.842 [INFO] Method invoked username <anonymousUser>: classname <class jdk.proxy2.$Proxy132> method <getUserEntityByUsername()>
2024-04-21 08:59:52.847 [INFO] Method invoked username <abc>: classname <class org.unibl.etfbl.ChatRoom.controllers.CommentController> method <getAllRequests()>
2024-04-21 08:59:52.847 [INFO] Method invoked username <abc>: classname <class org.unibl.etfbl.ChatRoom.services.implementations.CommentServiceImpl> method <getRequestedComments()>
2024-04-21 08:59:52.847 [INFO] Method invoked username <abc>: classname <class jdk.proxy2.$Proxy140> method <findAllByForumRoom_IdForumRoomAndIsAllowed()>
2024-04-21 09:00:01.147 [INFO] Method invoked username <anonymousUser>: classname <class jdk.proxy2.$Proxy132> method <getUserEntityByUsername()>
2024-04-21 09:00:01.154 [INFO] Method invoked username <abc>: classname <class org.unibl.etfbl.ChatRoom.controllers.ForumRoomController> method <getAll()>
2024-04-21 09:00:01.155 [INFO] Method invoked username <abc>: classname <class org.unibl.etfbl.ChatRoom.services.implementations.ForumRoomServiceImpl> method <getAllForumRooms()>
2024-04-21 09:00:01.155 [INFO] Method invoked username <abc>: classname <class jdk.proxy2.$Proxy143> method <findAll()>
2024-04-21 09:00:55.529 [INFO] Starting ChatRoomApplication using Java 21 with PID 7128 (D:\Downloads\Sigurnost na internetu\Sigurnost-na-internetu\ChatRoom\target\classes started by Pero in D:\Downloads\Sigurnost na internetu\Sigurnost-na-internetu\ChatRoom)
2024-04-21 09:00:55.529 [DEBUG] Running with Spring Boot v3.2.1, Spring v6.1.2
2024-04-21 09:00:55.530 [INFO] No active profile set, falling back to 1 default profile: "default"
2024-04-21 09:00:58.408 [DEBUG] Filter 'jwtAuthenticationFilter' configured for use
2024-04-21 09:00:59.457 [INFO] Started ChatRoomApplication in 4.232 seconds (process running for 4.952)
