2024-04-14 09:43:24.823 [INFO] Starting ChatRoomApplication using Java 21 with PID 12884 (D:\Downloads\Sigurnost na internetu\Sigurnost-na-internetu\ChatRoom\target\classes started by Pero in D:\Downloads\Sigurnost na internetu\Sigurnost-na-internetu\ChatRoom)
2024-04-14 09:43:24.832 [DEBUG] Running with Spring Boot v3.2.1, Spring v6.1.2
2024-04-14 09:43:24.832 [INFO] No active profile set, falling back to 1 default profile: "default"
2024-04-14 09:43:27.531 [DEBUG] Filter 'jwtAuthenticationFilter' configured for use
2024-04-14 09:43:28.484 [INFO] Started ChatRoomApplication in 3.873 seconds (process running for 4.427)
2024-04-14 09:43:46.085 [INFO] Method invoked anonymousUser: class org.unibl.etfbl.ChatRoom.controllers.AuthenticationController.login()
2024-04-14 09:43:46.163 [INFO] Method invoked anonymousUser: class jdk.proxy2.$Proxy130.getUserEntityByUsername()
2024-04-14 09:43:46.335 [INFO] Method invoked anonymousUser: class jdk.proxy2.$Proxy130.getUserEntityByUsername()
2024-04-14 09:43:46.335 [INFO] Method invoked anonymousUser: class jdk.proxy2.$Proxy130.saveAndFlush()
2024-04-14 09:43:46.366 [INFO] Method invoked anonymousUser: class org.unibl.etfbl.ChatRoom.services.implementations.EmailServiceImpl.sendEmail()
2024-04-14 09:44:12.742 [INFO] Method invoked anonymousUser: class org.unibl.etfbl.ChatRoom.controllers.AuthenticationController.verifyTwoFactorToken()
2024-04-14 09:44:12.743 [INFO] Method invoked anonymousUser: class jdk.proxy2.$Proxy130.getUserEntityByUsername()
2024-04-14 09:44:12.811 [INFO] Method invoked anonymousUser: class jdk.proxy2.$Proxy130.getUserEntityByUsername()
2024-04-14 09:44:12.833 [INFO] Method invoked anonymousUser: class jdk.proxy2.$Proxy130.saveAndFlush()
2024-04-14 09:44:12.908 [INFO] Method invoked anonymousUser: class jdk.proxy2.$Proxy130.getUserEntityByUsername()
2024-04-14 09:44:12.946 [INFO] Method invoked admin: class org.unibl.etfbl.ChatRoom.controllers.ForumRoomController.getAll()
2024-04-14 09:44:12.947 [INFO] Method invoked admin: class org.unibl.etfbl.ChatRoom.services.implementations.ForumRoomServiceImpl.getAllForumRooms()
2024-04-14 09:44:12.948 [INFO] Method invoked admin: class jdk.proxy2.$Proxy140.findAll()
2024-04-14 09:44:12.977 [INFO] Method invoked anonymousUser: class jdk.proxy2.$Proxy130.getUserEntityByUsername()
2024-04-14 09:44:12.986 [INFO] Method invoked admin: class org.unibl.etfbl.ChatRoom.controllers.ForumRoomController.getAll()
2024-04-14 09:44:12.986 [INFO] Method invoked admin: class org.unibl.etfbl.ChatRoom.services.implementations.ForumRoomServiceImpl.getAllForumRooms()
2024-04-14 09:44:12.986 [INFO] Method invoked admin: class jdk.proxy2.$Proxy140.findAll()
2024-04-14 09:44:45.299 [INFO] Method invoked anonymousUser: class jdk.proxy2.$Proxy130.getUserEntityByUsername()
2024-04-14 09:44:45.310 [INFO] Method invoked admin: class org.unibl.etfbl.ChatRoom.services.implementations.UserServiceImpl.deleteJWT()
2024-04-14 09:44:45.310 [INFO] Method invoked admin: class jdk.proxy2.$Proxy130.getUserEntityByUsername()
2024-04-14 09:44:45.310 [INFO] Method invoked admin: class jdk.proxy2.$Proxy130.saveAndFlush()
2024-04-14 09:44:45.337 [INFO] Method invoked admin: class org.unibl.etfbl.ChatRoom.controllers.ForumRoomController.update()
2024-04-14 09:48:43.967 [INFO] Starting ChatRoomApplication using Java 21 with PID 10912 (D:\Downloads\Sigurnost na internetu\Sigurnost-na-internetu\ChatRoom\target\classes started by Pero in D:\Downloads\Sigurnost na internetu\Sigurnost-na-internetu\ChatRoom)
2024-04-14 09:48:43.968 [INFO] No active profile set, falling back to 1 default profile: "default"
2024-04-14 09:48:45.645 [WARN] HHH90000025: MySQLDialect does not need to be specified explicitly using 'hibernate.dialect' (remove the property setting and it will be selected by default)
2024-04-14 09:48:46.915 [WARN] spring.jpa.open-in-view is enabled by default. Therefore, database queries may be performed during view rendering. Explicitly configure spring.jpa.open-in-view to disable this warning
2024-04-14 09:48:47.594 [INFO] Started ChatRoomApplication in 3.839 seconds (process running for 4.357)
