2024-04-13 10:23:15,753 INFO o.u.e.C.a.ActionLoggingAdvice [http-nio-8443-exec-4] Method invoked anonymousUser: class org.unibl.etfbl.ChatRoom.controllers.AuthenticationController.login() 
2024-04-13 10:23:15,758 INFO o.u.e.C.a.ActionLoggingAdvice [http-nio-8443-exec-4] Method invoked anonymousUser: class jdk.proxy2.$Proxy130.getUserEntityByUsername() 
2024-04-13 10:23:15,828 INFO o.u.e.C.a.ActionLoggingAdvice [http-nio-8443-exec-4] Method invoked anonymousUser: class jdk.proxy2.$Proxy130.getUserEntityByUsername() 
2024-04-13 10:23:15,830 INFO o.u.e.C.a.ActionLoggingAdvice [http-nio-8443-exec-4] Method invoked anonymousUser: class jdk.proxy2.$Proxy130.saveAndFlush() 
2024-04-13 10:23:15,835 INFO o.u.e.C.a.ActionLoggingAdvice [http-nio-8443-exec-4] Method invoked anonymousUser: class org.unibl.etfbl.ChatRoom.services.implementations.EmailServiceImpl.sendEmail() 
2024-04-13 10:23:28,350 INFO o.u.e.C.a.ActionLoggingAdvice [http-nio-8443-exec-5] Method invoked anonymousUser: class org.unibl.etfbl.ChatRoom.controllers.AuthenticationController.verifyTwoFactorToken() 
2024-04-13 10:23:28,351 INFO o.u.e.C.a.ActionLoggingAdvice [http-nio-8443-exec-5] Method invoked anonymousUser: class jdk.proxy2.$Proxy130.getUserEntityByUsername() 
2024-04-13 10:23:28,420 INFO o.u.e.C.a.ActionLoggingAdvice [http-nio-8443-exec-5] Method invoked anonymousUser: class jdk.proxy2.$Proxy130.getUserEntityByUsername() 
2024-04-13 10:23:28,423 ERROR o.u.e.C.a.ExceptionLoggingAdvice [http-nio-8443-exec-5] Exception occurred for user anonymousUser: User with username admin doesn't have two factor token.
2024-04-13 10:23:46,759 INFO o.u.e.C.a.ActionLoggingAdvice [http-nio-8443-exec-6] Method invoked anonymousUser: class org.unibl.etfbl.ChatRoom.controllers.AuthenticationController.login() 
2024-04-13 10:23:46,760 INFO o.u.e.C.a.ActionLoggingAdvice [http-nio-8443-exec-6] Method invoked anonymousUser: class jdk.proxy2.$Proxy130.getUserEntityByUsername() 
2024-04-13 10:23:46,818 INFO o.u.e.C.a.ActionLoggingAdvice [http-nio-8443-exec-6] Method invoked anonymousUser: class jdk.proxy2.$Proxy130.getUserEntityByUsername() 
2024-04-13 10:23:46,818 INFO o.u.e.C.a.ActionLoggingAdvice [http-nio-8443-exec-6] Method invoked anonymousUser: class jdk.proxy2.$Proxy130.saveAndFlush() 
2024-04-13 10:23:46,834 INFO o.u.e.C.a.ActionLoggingAdvice [http-nio-8443-exec-6] Method invoked anonymousUser: class org.unibl.etfbl.ChatRoom.services.implementations.EmailServiceImpl.sendEmail() 
2024-04-13 10:23:57,790 INFO o.u.e.C.a.ActionLoggingAdvice [http-nio-8443-exec-7] Method invoked anonymousUser: class org.unibl.etfbl.ChatRoom.controllers.AuthenticationController.verifyTwoFactorToken() 
2024-04-13 10:23:57,791 INFO o.u.e.C.a.ActionLoggingAdvice [http-nio-8443-exec-7] Method invoked anonymousUser: class jdk.proxy2.$Proxy130.getUserEntityByUsername() 
2024-04-13 10:23:57,867 INFO o.u.e.C.a.ActionLoggingAdvice [http-nio-8443-exec-7] Method invoked anonymousUser: class jdk.proxy2.$Proxy130.getUserEntityByUsername() 
2024-04-13 10:23:57,867 INFO o.u.e.C.a.ActionLoggingAdvice [http-nio-8443-exec-7] Method invoked anonymousUser: class jdk.proxy2.$Proxy130.saveAndFlush() 
2024-04-13 10:24:16,294 INFO o.u.e.C.a.ActionLoggingAdvice [http-nio-8443-exec-8] Method invoked anonymousUser: class org.unibl.etfbl.ChatRoom.controllers.AuthenticationController.login() 
2024-04-13 10:24:16,295 INFO o.u.e.C.a.ActionLoggingAdvice [http-nio-8443-exec-8] Method invoked anonymousUser: class jdk.proxy2.$Proxy130.getUserEntityByUsername() 
2024-04-13 10:24:16,363 INFO o.u.e.C.a.ActionLoggingAdvice [http-nio-8443-exec-8] Method invoked anonymousUser: class jdk.proxy2.$Proxy130.getUserEntityByUsername() 
2024-04-13 10:24:16,366 INFO o.u.e.C.a.ActionLoggingAdvice [http-nio-8443-exec-8] Method invoked anonymousUser: class jdk.proxy2.$Proxy130.saveAndFlush() 
2024-04-13 10:24:16,371 INFO o.u.e.C.a.ActionLoggingAdvice [http-nio-8443-exec-8] Method invoked anonymousUser: class org.unibl.etfbl.ChatRoom.services.implementations.EmailServiceImpl.sendEmail() 
2024-04-13 10:24:31,003 INFO o.u.e.C.a.ActionLoggingAdvice [http-nio-8443-exec-9] Method invoked anonymousUser: class org.unibl.etfbl.ChatRoom.controllers.AuthenticationController.verifyTwoFactorToken() 
2024-04-13 10:24:31,005 INFO o.u.e.C.a.ActionLoggingAdvice [http-nio-8443-exec-9] Method invoked anonymousUser: class jdk.proxy2.$Proxy130.getUserEntityByUsername() 
2024-04-13 10:24:31,101 INFO o.u.e.C.a.ActionLoggingAdvice [http-nio-8443-exec-9] Method invoked anonymousUser: class jdk.proxy2.$Proxy130.getUserEntityByUsername() 
2024-04-13 10:24:31,117 INFO o.u.e.C.a.ActionLoggingAdvice [http-nio-8443-exec-9] Method invoked anonymousUser: class jdk.proxy2.$Proxy130.saveAndFlush() 
