2024-04-02 15:41:13,777 INFO o.u.e.C.ChatRoomApplication [main] Starting ChatRoomApplication using Java 21 with PID 15856 (D:\Downloads\Sigurnost na internetu\ChatRoom\target\classes started by Pero in D:\Downloads\Sigurnost na internetu\ChatRoom)
2024-04-02 15:41:13,786 DEBUG o.u.e.C.ChatRoomApplication [main] Running with Spring Boot v3.2.1, Spring v6.1.2
2024-04-02 15:41:13,787 INFO o.u.e.C.ChatRoomApplication [main] No active profile set, falling back to 1 default profile: "default"
2024-04-02 15:41:19,559 DEBUG o.u.e.C.s.j.JwtAuthenticationFilter [main] Filter 'jwtAuthenticationFilter' configured for use
2024-04-02 15:41:21,338 INFO o.u.e.C.ChatRoomApplication [main] Started ChatRoomApplication in 8.026 seconds (process running for 9.286)
2024-04-02 15:42:34,913 INFO o.u.e.C.a.ActionLoggingAdvice [http-nio-8080-exec-9] Method invoked anonymousUser: class jdk.proxy2.$Proxy132.existsByEmail() 
2024-04-02 15:42:35,039 INFO o.u.e.C.a.ActionLoggingAdvice [http-nio-8080-exec-9] Method invoked anonymousUser: class jdk.proxy2.$Proxy132.existsByUsername() 
2024-04-02 15:42:35,137 INFO o.u.e.C.a.ActionLoggingAdvice [http-nio-8080-exec-9] Method invoked anonymousUser: class jdk.proxy2.$Proxy132.saveAndFlush() 
2024-04-02 15:42:35,784 INFO o.u.e.C.a.ActionLoggingAdvice [http-nio-8080-exec-1] Method invoked anonymousUser: class jdk.proxy2.$Proxy132.existsByEmail() 
2024-04-02 15:42:35,792 INFO o.u.e.C.a.ActionLoggingAdvice [http-nio-8080-exec-1] Method invoked anonymousUser: class jdk.proxy2.$Proxy132.getUserEntityByEmail() 
2024-04-02 15:42:35,816 INFO o.u.e.C.a.ActionLoggingAdvice [http-nio-8080-exec-1] Method invoked anonymousUser: class jdk.proxy2.$Proxy132.saveAndFlush() 
2024-04-02 15:42:36,235 INFO o.u.e.C.a.ActionLoggingAdvice [http-nio-8080-exec-3] Method invoked anonymousUser: class jdk.proxy2.$Proxy132.existsByEmail() 
2024-04-02 15:42:36,240 INFO o.u.e.C.a.ActionLoggingAdvice [http-nio-8080-exec-3] Method invoked anonymousUser: class jdk.proxy2.$Proxy132.getUserEntityByEmail() 
2024-04-02 15:42:36,244 INFO o.u.e.C.a.ActionLoggingAdvice [http-nio-8080-exec-3] Method invoked anonymousUser: class jdk.proxy2.$Proxy132.saveAndFlush() 
2024-04-02 15:42:36,742 INFO o.u.e.C.a.ActionLoggingAdvice [http-nio-8080-exec-5] Method invoked anonymousUser: class jdk.proxy2.$Proxy132.existsByEmail() 
2024-04-02 15:42:36,751 INFO o.u.e.C.a.ActionLoggingAdvice [http-nio-8080-exec-5] Method invoked anonymousUser: class jdk.proxy2.$Proxy132.getUserEntityByEmail() 
2024-04-02 15:42:36,760 INFO o.u.e.C.a.ActionLoggingAdvice [http-nio-8080-exec-5] Method invoked anonymousUser: class jdk.proxy2.$Proxy132.saveAndFlush() 
2024-04-02 15:42:37,199 INFO o.u.e.C.a.ActionLoggingAdvice [http-nio-8080-exec-7] Method invoked anonymousUser: class jdk.proxy2.$Proxy132.existsByEmail() 
2024-04-02 15:42:37,206 INFO o.u.e.C.a.ActionLoggingAdvice [http-nio-8080-exec-7] Method invoked anonymousUser: class jdk.proxy2.$Proxy132.getUserEntityByEmail() 
2024-04-02 15:42:37,216 INFO o.u.e.C.a.ActionLoggingAdvice [http-nio-8080-exec-7] Method invoked anonymousUser: class jdk.proxy2.$Proxy132.saveAndFlush() 
2024-04-02 15:42:37,754 INFO o.u.e.C.a.ActionLoggingAdvice [http-nio-8080-exec-9] Method invoked anonymousUser: class jdk.proxy2.$Proxy132.existsByEmail() 
2024-04-02 15:42:37,754 INFO o.u.e.C.a.ActionLoggingAdvice [http-nio-8080-exec-9] Method invoked anonymousUser: class jdk.proxy2.$Proxy132.getUserEntityByEmail() 
2024-04-02 15:42:37,773 INFO o.u.e.C.a.ActionLoggingAdvice [http-nio-8080-exec-9] Method invoked anonymousUser: class jdk.proxy2.$Proxy132.saveAndFlush() 
2024-04-02 15:42:38,234 INFO o.u.e.C.a.ActionLoggingAdvice [http-nio-8080-exec-1] Method invoked anonymousUser: class jdk.proxy2.$Proxy132.existsByEmail() 
2024-04-02 15:42:38,234 INFO o.u.e.C.a.ActionLoggingAdvice [http-nio-8080-exec-1] Method invoked anonymousUser: class jdk.proxy2.$Proxy132.getUserEntityByEmail() 
2024-04-02 15:42:38,252 INFO o.u.e.C.a.ActionLoggingAdvice [http-nio-8080-exec-1] Method invoked anonymousUser: class jdk.proxy2.$Proxy132.saveAndFlush() 
2024-04-02 15:44:40,575 INFO o.u.e.C.ChatRoomApplication [main] Starting ChatRoomApplication using Java 21 with PID 16572 (D:\Downloads\Sigurnost na internetu\ChatRoom\target\classes started by Pero in D:\Downloads\Sigurnost na internetu\ChatRoom)
2024-04-02 15:44:40,575 DEBUG o.u.e.C.ChatRoomApplication [main] Running with Spring Boot v3.2.1, Spring v6.1.2
2024-04-02 15:44:40,577 INFO o.u.e.C.ChatRoomApplication [main] No active profile set, falling back to 1 default profile: "default"
2024-04-02 15:44:45,538 DEBUG o.u.e.C.s.j.JwtAuthenticationFilter [main] Filter 'jwtAuthenticationFilter' configured for use
2024-04-02 15:44:46,976 INFO o.u.e.C.ChatRoomApplication [main] Started ChatRoomApplication in 6.801 seconds (process running for 7.741)
2024-04-02 15:44:48,331 INFO o.u.e.C.a.ActionLoggingAdvice [http-nio-8080-exec-2] Method invoked anonymousUser: class jdk.proxy2.$Proxy132.existsByEmail() 
2024-04-02 15:44:48,443 INFO o.u.e.C.a.ActionLoggingAdvice [http-nio-8080-exec-2] Method invoked anonymousUser: class jdk.proxy2.$Proxy132.getUserEntityByEmail() 
2024-04-02 15:44:48,504 INFO o.u.e.C.a.ActionLoggingAdvice [http-nio-8080-exec-2] Method invoked anonymousUser: class jdk.proxy2.$Proxy132.saveAndFlush() 
2024-04-02 15:44:48,962 INFO o.u.e.C.a.ActionLoggingAdvice [http-nio-8080-exec-4] Method invoked anonymousUser: class jdk.proxy2.$Proxy132.existsByEmail() 
2024-04-02 15:44:48,963 INFO o.u.e.C.a.ActionLoggingAdvice [http-nio-8080-exec-4] Method invoked anonymousUser: class jdk.proxy2.$Proxy132.getUserEntityByEmail() 
2024-04-02 15:44:48,979 INFO o.u.e.C.a.ActionLoggingAdvice [http-nio-8080-exec-4] Method invoked anonymousUser: class jdk.proxy2.$Proxy132.saveAndFlush() 
2024-04-02 15:44:49,381 INFO o.u.e.C.a.ActionLoggingAdvice [http-nio-8080-exec-6] Method invoked anonymousUser: class jdk.proxy2.$Proxy132.existsByEmail() 
2024-04-02 15:44:49,381 INFO o.u.e.C.a.ActionLoggingAdvice [http-nio-8080-exec-6] Method invoked anonymousUser: class jdk.proxy2.$Proxy132.getUserEntityByEmail() 
2024-04-02 15:44:49,400 INFO o.u.e.C.a.ActionLoggingAdvice [http-nio-8080-exec-6] Method invoked anonymousUser: class jdk.proxy2.$Proxy132.saveAndFlush() 
2024-04-02 15:44:49,978 INFO o.u.e.C.a.ActionLoggingAdvice [http-nio-8080-exec-8] Method invoked anonymousUser: class jdk.proxy2.$Proxy132.existsByEmail() 
2024-04-02 15:44:49,984 INFO o.u.e.C.a.ActionLoggingAdvice [http-nio-8080-exec-8] Method invoked anonymousUser: class jdk.proxy2.$Proxy132.getUserEntityByEmail() 
2024-04-02 15:44:49,990 INFO o.u.e.C.a.ActionLoggingAdvice [http-nio-8080-exec-8] Method invoked anonymousUser: class jdk.proxy2.$Proxy132.saveAndFlush() 
2024-04-02 15:44:50,414 INFO o.u.e.C.a.ActionLoggingAdvice [http-nio-8080-exec-10] Method invoked anonymousUser: class jdk.proxy2.$Proxy132.existsByEmail() 
2024-04-02 15:44:50,421 INFO o.u.e.C.a.ActionLoggingAdvice [http-nio-8080-exec-10] Method invoked anonymousUser: class jdk.proxy2.$Proxy132.getUserEntityByEmail() 
2024-04-02 15:44:50,428 INFO o.u.e.C.a.ActionLoggingAdvice [http-nio-8080-exec-10] Method invoked anonymousUser: class jdk.proxy2.$Proxy132.saveAndFlush() 
2024-04-02 15:44:50,870 INFO o.u.e.C.a.ActionLoggingAdvice [http-nio-8080-exec-2] Method invoked anonymousUser: class jdk.proxy2.$Proxy132.existsByEmail() 
2024-04-02 15:44:50,870 INFO o.u.e.C.a.ActionLoggingAdvice [http-nio-8080-exec-2] Method invoked anonymousUser: class jdk.proxy2.$Proxy132.getUserEntityByEmail() 
2024-04-02 15:44:50,886 INFO o.u.e.C.a.ActionLoggingAdvice [http-nio-8080-exec-2] Method invoked anonymousUser: class jdk.proxy2.$Proxy132.saveAndFlush() 
2024-04-02 15:44:52,644 INFO o.u.e.C.a.ActionLoggingAdvice [http-nio-8080-exec-4] Method invoked anonymousUser: class jdk.proxy2.$Proxy132.existsByEmail() 
2024-04-02 15:44:52,658 INFO o.u.e.C.a.ActionLoggingAdvice [http-nio-8080-exec-4] Method invoked anonymousUser: class jdk.proxy2.$Proxy132.getUserEntityByEmail() 
2024-04-02 15:44:52,666 INFO o.u.e.C.a.ActionLoggingAdvice [http-nio-8080-exec-4] Method invoked anonymousUser: class jdk.proxy2.$Proxy132.saveAndFlush() 
2024-04-02 15:44:53,061 INFO o.u.e.C.a.ActionLoggingAdvice [http-nio-8080-exec-6] Method invoked anonymousUser: class jdk.proxy2.$Proxy132.existsByEmail() 
2024-04-02 15:44:53,061 INFO o.u.e.C.a.ActionLoggingAdvice [http-nio-8080-exec-6] Method invoked anonymousUser: class jdk.proxy2.$Proxy132.getUserEntityByEmail() 
2024-04-02 15:44:53,061 INFO o.u.e.C.a.ActionLoggingAdvice [http-nio-8080-exec-6] Method invoked anonymousUser: class jdk.proxy2.$Proxy132.saveAndFlush() 
2024-04-02 15:44:53,466 INFO o.u.e.C.a.ActionLoggingAdvice [http-nio-8080-exec-8] Method invoked anonymousUser: class jdk.proxy2.$Proxy132.existsByEmail() 
2024-04-02 15:44:53,475 INFO o.u.e.C.a.ActionLoggingAdvice [http-nio-8080-exec-8] Method invoked anonymousUser: class jdk.proxy2.$Proxy132.getUserEntityByEmail() 
2024-04-02 15:44:53,475 INFO o.u.e.C.a.ActionLoggingAdvice [http-nio-8080-exec-8] Method invoked anonymousUser: class jdk.proxy2.$Proxy132.saveAndFlush() 
2024-04-02 15:44:53,908 INFO o.u.e.C.a.ActionLoggingAdvice [http-nio-8080-exec-10] Method invoked anonymousUser: class jdk.proxy2.$Proxy132.existsByEmail() 
2024-04-02 15:44:53,914 INFO o.u.e.C.a.ActionLoggingAdvice [http-nio-8080-exec-10] Method invoked anonymousUser: class jdk.proxy2.$Proxy132.getUserEntityByEmail() 
2024-04-02 15:44:53,923 INFO o.u.e.C.a.ActionLoggingAdvice [http-nio-8080-exec-10] Method invoked anonymousUser: class jdk.proxy2.$Proxy132.saveAndFlush() 
2024-04-02 15:44:54,304 INFO o.u.e.C.a.ActionLoggingAdvice [http-nio-8080-exec-2] Method invoked anonymousUser: class jdk.proxy2.$Proxy132.existsByEmail() 
2024-04-02 15:44:54,304 INFO o.u.e.C.a.ActionLoggingAdvice [http-nio-8080-exec-2] Method invoked anonymousUser: class jdk.proxy2.$Proxy132.getUserEntityByEmail() 
2024-04-02 15:44:54,323 INFO o.u.e.C.a.ActionLoggingAdvice [http-nio-8080-exec-2] Method invoked anonymousUser: class jdk.proxy2.$Proxy132.saveAndFlush() 
2024-04-02 15:44:54,747 INFO o.u.e.C.a.ActionLoggingAdvice [http-nio-8080-exec-4] Method invoked anonymousUser: class jdk.proxy2.$Proxy132.existsByEmail() 
2024-04-02 15:44:54,747 INFO o.u.e.C.a.ActionLoggingAdvice [http-nio-8080-exec-4] Method invoked anonymousUser: class jdk.proxy2.$Proxy132.getUserEntityByEmail() 
2024-04-02 15:44:54,755 INFO o.u.e.C.a.ActionLoggingAdvice [http-nio-8080-exec-4] Method invoked anonymousUser: class jdk.proxy2.$Proxy132.saveAndFlush() 
2024-04-02 15:44:55,131 INFO o.u.e.C.a.ActionLoggingAdvice [http-nio-8080-exec-6] Method invoked anonymousUser: class jdk.proxy2.$Proxy132.existsByEmail() 
2024-04-02 15:44:55,131 INFO o.u.e.C.a.ActionLoggingAdvice [http-nio-8080-exec-6] Method invoked anonymousUser: class jdk.proxy2.$Proxy132.getUserEntityByEmail() 
2024-04-02 15:44:55,153 INFO o.u.e.C.a.ActionLoggingAdvice [http-nio-8080-exec-6] Method invoked anonymousUser: class jdk.proxy2.$Proxy132.saveAndFlush() 
