2024-04-02 15:45:45,274 INFO o.u.e.C.a.ActionLoggingAdvice [http-nio-8080-exec-6] Method invoked anonymousUser: class jdk.proxy2.$Proxy132.existsByEmail() 
2024-04-02 15:45:45,286 INFO o.u.e.C.a.ActionLoggingAdvice [http-nio-8080-exec-6] Method invoked anonymousUser: class jdk.proxy2.$Proxy132.getUserEntityByEmail() 
2024-04-02 15:45:45,293 INFO o.u.e.C.a.ActionLoggingAdvice [http-nio-8080-exec-6] Method invoked anonymousUser: class jdk.proxy2.$Proxy132.saveAndFlush() 
2024-04-02 15:45:45,694 INFO o.u.e.C.a.ActionLoggingAdvice [http-nio-8080-exec-8] Method invoked anonymousUser: class jdk.proxy2.$Proxy132.existsByEmail() 
2024-04-02 15:45:45,701 INFO o.u.e.C.a.ActionLoggingAdvice [http-nio-8080-exec-8] Method invoked anonymousUser: class jdk.proxy2.$Proxy132.getUserEntityByEmail() 
2024-04-02 15:45:45,713 INFO o.u.e.C.a.ActionLoggingAdvice [http-nio-8080-exec-8] Method invoked anonymousUser: class jdk.proxy2.$Proxy132.saveAndFlush() 
2024-04-02 15:45:46,102 INFO o.u.e.C.a.ActionLoggingAdvice [http-nio-8080-exec-10] Method invoked anonymousUser: class jdk.proxy2.$Proxy132.existsByEmail() 
2024-04-02 15:45:46,107 INFO o.u.e.C.a.ActionLoggingAdvice [http-nio-8080-exec-10] Method invoked anonymousUser: class jdk.proxy2.$Proxy132.getUserEntityByEmail() 
2024-04-02 15:45:46,117 INFO o.u.e.C.a.ActionLoggingAdvice [http-nio-8080-exec-10] Method invoked anonymousUser: class jdk.proxy2.$Proxy132.saveAndFlush() 
2024-04-02 15:45:46,513 INFO o.u.e.C.a.ActionLoggingAdvice [http-nio-8080-exec-2] Method invoked anonymousUser: class jdk.proxy2.$Proxy132.existsByEmail() 
2024-04-02 15:45:46,518 INFO o.u.e.C.a.ActionLoggingAdvice [http-nio-8080-exec-2] Method invoked anonymousUser: class jdk.proxy2.$Proxy132.getUserEntityByEmail() 
2024-04-02 15:45:46,525 INFO o.u.e.C.a.ActionLoggingAdvice [http-nio-8080-exec-2] Method invoked anonymousUser: class jdk.proxy2.$Proxy132.saveAndFlush() 
2024-04-02 15:45:46,902 INFO o.u.e.C.a.ActionLoggingAdvice [http-nio-8080-exec-4] Method invoked anonymousUser: class jdk.proxy2.$Proxy132.existsByEmail() 
2024-04-02 15:45:46,905 INFO o.u.e.C.a.ActionLoggingAdvice [http-nio-8080-exec-4] Method invoked anonymousUser: class jdk.proxy2.$Proxy132.getUserEntityByEmail() 
2024-04-02 15:45:46,914 INFO o.u.e.C.a.ActionLoggingAdvice [http-nio-8080-exec-4] Method invoked anonymousUser: class jdk.proxy2.$Proxy132.saveAndFlush() 
2024-04-02 15:45:47,311 INFO o.u.e.C.a.ActionLoggingAdvice [http-nio-8080-exec-6] Method invoked anonymousUser: class jdk.proxy2.$Proxy132.existsByEmail() 
2024-04-02 15:45:47,316 INFO o.u.e.C.a.ActionLoggingAdvice [http-nio-8080-exec-6] Method invoked anonymousUser: class jdk.proxy2.$Proxy132.getUserEntityByEmail() 
2024-04-02 15:45:47,324 INFO o.u.e.C.a.ActionLoggingAdvice [http-nio-8080-exec-6] Method invoked anonymousUser: class jdk.proxy2.$Proxy132.saveAndFlush() 
2024-04-02 15:45:47,729 INFO o.u.e.C.a.ActionLoggingAdvice [http-nio-8080-exec-8] Method invoked anonymousUser: class jdk.proxy2.$Proxy132.existsByEmail() 
2024-04-02 15:45:47,733 INFO o.u.e.C.a.ActionLoggingAdvice [http-nio-8080-exec-8] Method invoked anonymousUser: class jdk.proxy2.$Proxy132.getUserEntityByEmail() 
2024-04-02 15:45:47,740 INFO o.u.e.C.a.ActionLoggingAdvice [http-nio-8080-exec-8] Method invoked anonymousUser: class jdk.proxy2.$Proxy132.saveAndFlush() 
2024-04-02 15:46:41,666 INFO o.u.e.C.ChatRoomApplication [main] Starting ChatRoomApplication using Java 21 with PID 2780 (D:\Downloads\Sigurnost na internetu\ChatRoom\target\classes started by Pero in D:\Downloads\Sigurnost na internetu\ChatRoom)
2024-04-02 15:46:41,666 DEBUG o.u.e.C.ChatRoomApplication [main] Running with Spring Boot v3.2.1, Spring v6.1.2
2024-04-02 15:46:41,667 INFO o.u.e.C.ChatRoomApplication [main] No active profile set, falling back to 1 default profile: "default"
2024-04-02 15:46:45,945 DEBUG o.u.e.C.s.j.JwtAuthenticationFilter [main] Filter 'jwtAuthenticationFilter' configured for use
2024-04-02 15:46:47,259 INFO o.u.e.C.ChatRoomApplication [main] Started ChatRoomApplication in 5.969 seconds (process running for 6.899)
2024-04-02 15:46:52,831 INFO o.u.e.C.a.ActionLoggingAdvice [http-nio-8080-exec-2] Method invoked anonymousUser: class jdk.proxy2.$Proxy132.existsByEmail() 
2024-04-02 15:46:52,935 INFO o.u.e.C.a.ActionLoggingAdvice [http-nio-8080-exec-2] Method invoked anonymousUser: class jdk.proxy2.$Proxy132.getUserEntityByEmail() 
2024-04-02 15:46:53,395 INFO o.u.e.C.a.ActionLoggingAdvice [http-nio-8080-exec-4] Method invoked anonymousUser: class jdk.proxy2.$Proxy132.existsByEmail() 
2024-04-02 15:46:53,399 INFO o.u.e.C.a.ActionLoggingAdvice [http-nio-8080-exec-4] Method invoked anonymousUser: class jdk.proxy2.$Proxy132.getUserEntityByEmail() 
2024-04-02 15:46:53,737 INFO o.u.e.C.a.ActionLoggingAdvice [http-nio-8080-exec-6] Method invoked anonymousUser: class jdk.proxy2.$Proxy132.existsByEmail() 
2024-04-02 15:46:53,741 INFO o.u.e.C.a.ActionLoggingAdvice [http-nio-8080-exec-6] Method invoked anonymousUser: class jdk.proxy2.$Proxy132.getUserEntityByEmail() 
2024-04-02 15:46:54,072 INFO o.u.e.C.a.ActionLoggingAdvice [http-nio-8080-exec-8] Method invoked anonymousUser: class jdk.proxy2.$Proxy132.existsByEmail() 
2024-04-02 15:46:54,075 INFO o.u.e.C.a.ActionLoggingAdvice [http-nio-8080-exec-8] Method invoked anonymousUser: class jdk.proxy2.$Proxy132.getUserEntityByEmail() 
2024-04-02 15:46:54,493 INFO o.u.e.C.a.ActionLoggingAdvice [http-nio-8080-exec-10] Method invoked anonymousUser: class jdk.proxy2.$Proxy132.existsByEmail() 
2024-04-02 15:46:54,497 INFO o.u.e.C.a.ActionLoggingAdvice [http-nio-8080-exec-10] Method invoked anonymousUser: class jdk.proxy2.$Proxy132.getUserEntityByEmail() 
2024-04-02 15:46:54,823 INFO o.u.e.C.a.ActionLoggingAdvice [http-nio-8080-exec-2] Method invoked anonymousUser: class jdk.proxy2.$Proxy132.existsByEmail() 
2024-04-02 15:46:54,826 INFO o.u.e.C.a.ActionLoggingAdvice [http-nio-8080-exec-2] Method invoked anonymousUser: class jdk.proxy2.$Proxy132.getUserEntityByEmail() 
2024-04-02 15:46:56,535 INFO o.u.e.C.a.ActionLoggingAdvice [http-nio-8080-exec-4] Method invoked anonymousUser: class jdk.proxy2.$Proxy132.existsByEmail() 
2024-04-02 15:46:56,538 INFO o.u.e.C.a.ActionLoggingAdvice [http-nio-8080-exec-4] Method invoked anonymousUser: class jdk.proxy2.$Proxy132.getUserEntityByEmail() 
2024-04-02 15:46:56,842 INFO o.u.e.C.a.ActionLoggingAdvice [http-nio-8080-exec-6] Method invoked anonymousUser: class jdk.proxy2.$Proxy132.existsByEmail() 
2024-04-02 15:46:56,845 INFO o.u.e.C.a.ActionLoggingAdvice [http-nio-8080-exec-6] Method invoked anonymousUser: class jdk.proxy2.$Proxy132.getUserEntityByEmail() 
2024-04-02 15:46:57,171 INFO o.u.e.C.a.ActionLoggingAdvice [http-nio-8080-exec-8] Method invoked anonymousUser: class jdk.proxy2.$Proxy132.existsByEmail() 
2024-04-02 15:46:57,174 INFO o.u.e.C.a.ActionLoggingAdvice [http-nio-8080-exec-8] Method invoked anonymousUser: class jdk.proxy2.$Proxy132.getUserEntityByEmail() 
2024-04-02 15:46:57,533 INFO o.u.e.C.a.ActionLoggingAdvice [http-nio-8080-exec-10] Method invoked anonymousUser: class jdk.proxy2.$Proxy132.existsByEmail() 
2024-04-02 15:46:57,538 INFO o.u.e.C.a.ActionLoggingAdvice [http-nio-8080-exec-10] Method invoked anonymousUser: class jdk.proxy2.$Proxy132.getUserEntityByEmail() 
2024-04-02 15:46:57,875 INFO o.u.e.C.a.ActionLoggingAdvice [http-nio-8080-exec-2] Method invoked anonymousUser: class jdk.proxy2.$Proxy132.existsByEmail() 
2024-04-02 15:46:57,879 INFO o.u.e.C.a.ActionLoggingAdvice [http-nio-8080-exec-2] Method invoked anonymousUser: class jdk.proxy2.$Proxy132.getUserEntityByEmail() 
2024-04-02 15:46:58,215 INFO o.u.e.C.a.ActionLoggingAdvice [http-nio-8080-exec-4] Method invoked anonymousUser: class jdk.proxy2.$Proxy132.existsByEmail() 
2024-04-02 15:46:58,219 INFO o.u.e.C.a.ActionLoggingAdvice [http-nio-8080-exec-4] Method invoked anonymousUser: class jdk.proxy2.$Proxy132.getUserEntityByEmail() 
2024-04-02 15:46:58,573 INFO o.u.e.C.a.ActionLoggingAdvice [http-nio-8080-exec-6] Method invoked anonymousUser: class jdk.proxy2.$Proxy132.existsByEmail() 
2024-04-02 15:46:58,577 INFO o.u.e.C.a.ActionLoggingAdvice [http-nio-8080-exec-6] Method invoked anonymousUser: class jdk.proxy2.$Proxy132.getUserEntityByEmail() 
